-------------------------------------------------------------------------------
Test set: QueryUtilsTest
-------------------------------------------------------------------------------
Tests run: 4, Failures: 1, Errors: 0, Skipped: 0, Time elapsed: 0.021 sec <<< FAILURE! - in QueryUtilsTest
enclosedClassExtractionTest(QueryUtilsTest)  Time elapsed: 0.005 sec  <<< FAILURE!
java.lang.AssertionError: expected:<class java.lang.Integer> but was:<null>
	at org.junit.Assert.fail(Assert.java:93)
	at org.junit.Assert.failNotEquals(Assert.java:647)
	at org.junit.Assert.assertEquals(Assert.java:128)
	at org.junit.Assert.assertEquals(Assert.java:147)
	at QueryUtilsTest.enclosedClassExtractionTest(QueryUtilsTest.java:50)

